<?xml version="1.0" encoding="UTF-8"?>
<testng-results ignored="0" total="54" passed="51" failed="0" skipped="3">
  <reporter-output>
    <line>
      <![CDATA[Login successfull....200]]>
    </line>
    <line>
      <![CDATA[company details....200]]>
    </line>
    <line>
      <![CDATA[Added Employee....200]]>
    </line>
    <line>
      <![CDATA[Added Employee....200]]>
    </line>
    <line>
      <![CDATA[Employee Details....200]]>
    </line>
    <line>
      <![CDATA[Update Employee....200]]>
    </line>
    <line>
      <![CDATA[Delete Employee....200]]>
    </line>
    <line>
      <![CDATA[Search Employee....200]]>
    </line>
    <line>
      <![CDATA[Team Created....200]]>
    </line>
    <line>
      <![CDATA[Team Created....200]]>
    </line>
    <line>
      <![CDATA[Team Details....200]]>
    </line>
    <line>
      <![CDATA[Team Update....200]]>
    </line>
    <line>
      <![CDATA[Team Employees....200]]>
    </line>
    <line>
      <![CDATA[Delete Team Member....200]]>
    </line>
    <line>
      <![CDATA[Team Deleted....200]]>
    </line>
    <line>
      <![CDATA[Project Created....200]]>
    </line>
    <line>
      <![CDATA[Project Created....200]]>
    </line>
    <line>
      <![CDATA[Project Details....200]]>
    </line>
    <line>
      <![CDATA[Project Updated....200]]>
    </line>
    <line>
      <![CDATA[Project Delete....200]]>
    </line>
    <line>
      <![CDATA[upload file....201]]>
    </line>
    <line>
      <![CDATA[upload error file....201]]>
    </line>
    <line>
      <![CDATA[Get files....200]]>
    </line>
    <line>
      <![CDATA[update file....200]]>
    </line>
    <line>
      <![CDATA[excel File downloaded....200]]>
    </line>
    <line>
      <![CDATA[Error File fixed....200]]>
    </line>
    <line>
      <![CDATA[Delete excel files....200]]>
    </line>
    <line>
      <![CDATA[GetFileByFileId....200]]>
    </line>
    <line>
      <![CDATA[Add Phrase....200]]>
    </line>
    <line>
      <![CDATA[Update Phrase....200]]>
    </line>
    <line>
      <![CDATA[Delete Phrase....200]]>
    </line>
    <line>
      <![CDATA[Get Phrase....200]]>
    </line>
    <line>
      <![CDATA[Upload pdf....201]]>
    </line>
    <line>
      <![CDATA[Upload pdf....201]]>
    </line>
    <line>
      <![CDATA[Get Files....200]]>
    </line>
    <line>
      <![CDATA[Delete Pdf....200]]>
    </line>
    <line>
      <![CDATA[Search excel data....200]]>
    </line>
    <line>
      <![CDATA[Search pdf data....200]]>
    </line>
    <line>
      <![CDATA[Dashboard count....200]]>
    </line>
    <line>
      <![CDATA[Excel search history....200]]>
    </line>
    <line>
      <![CDATA[pdf search history....200]]>
    </line>
    <line>
      <![CDATA[community Created....200]]>
    </line>
    <line>
      <![CDATA[community Search....200]]>
    </line>
    <line>
      <![CDATA[Create request....200]]>
    </line>
    <line>
      <![CDATA[AdminLogin successfull....200]]>
    </line>
    <line>
      <![CDATA[Admin Dashboard Count ....200]]>
    </line>
    <line>
      <![CDATA[list of About to expire companies....200]]>
    </line>
    <line>
      <![CDATA[list of expired companies....200]]>
    </line>
    <line>
      <![CDATA[Admin Create Company....200]]>
    </line>
    <line>
      <![CDATA[Admin Search Company....200]]>
    </line>
    <line>
      <![CDATA[Admin Update Company....200]]>
    </line>
    <line>
      <![CDATA[Admin Disable Company....200]]>
    </line>
    <line>
      <![CDATA[View request....200]]>
    </line>
  </reporter-output>
  <suite started-at="2024-06-13T10:54:07 IST" name="Suite" finished-at="2024-06-13T10:54:55 IST" duration-ms="47695">
    <groups>
    </groups>
    <test started-at="2024-06-13T10:54:07 IST" name="Test" finished-at="2024-06-13T10:54:47 IST" duration-ms="40490">
      <class name="api.test.LoginTest">
        <test-method is-config="true" signature="setupData()[pri:0, instance:api.test.LoginTest@524f3b3a]" started-at="2024-06-13T10:54:07 IST" name="setupData" finished-at="2024-06-13T10:54:07 IST" duration-ms="16" status="PASS">
          <reporter-output>
          </reporter-output>
        </test-method> <!-- setupData -->
        <test-method signature="testLogin()[pri:1, instance:api.test.LoginTest@524f3b3a]" started-at="2024-06-13T10:54:07 IST" name="testLogin" finished-at="2024-06-13T10:54:09 IST" duration-ms="2496" status="PASS">
          <reporter-output>
            <line>
              <![CDATA[Login successfull....200]]>
            </line>
          </reporter-output>
        </test-method> <!-- testLogin -->
        <test-method signature="companyDetails()[pri:2, instance:api.test.LoginTest@524f3b3a]" started-at="2024-06-13T10:54:09 IST" name="companyDetails" finished-at="2024-06-13T10:54:10 IST" duration-ms="618" status="PASS">
          <reporter-output>
            <line>
              <![CDATA[company details....200]]>
            </line>
          </reporter-output>
        </test-method> <!-- companyDetails -->
      </class> <!-- api.test.LoginTest -->
      <class name="api.test.ProjectTest">
        <test-method is-config="true" signature="setupData()[pri:0, instance:api.test.ProjectTest@2bd08376]" started-at="2024-06-13T10:54:21 IST" name="setupData" finished-at="2024-06-13T10:54:21 IST" duration-ms="37" status="PASS">
          <reporter-output>
          </reporter-output>
        </test-method> <!-- setupData -->
        <test-method signature="TestCreateProject()[pri:1, instance:api.test.ProjectTest@2bd08376]" started-at="2024-06-13T10:54:21 IST" name="TestCreateProject" finished-at="2024-06-13T10:54:22 IST" duration-ms="796" status="PASS">
          <reporter-output>
            <line>
              <![CDATA[Project Created....200]]>
            </line>
          </reporter-output>
        </test-method> <!-- TestCreateProject -->
        <test-method signature="TestCreateProject()[pri:1, instance:api.test.ProjectTest@2bd08376]" started-at="2024-06-13T10:54:22 IST" name="TestCreateProject" finished-at="2024-06-13T10:54:22 IST" duration-ms="765" status="PASS">
          <reporter-output>
            <line>
              <![CDATA[Project Created....200]]>
            </line>
          </reporter-output>
        </test-method> <!-- TestCreateProject -->
        <test-method signature="TestProjectDetails()[pri:2, instance:api.test.ProjectTest@2bd08376]" started-at="2024-06-13T10:54:23 IST" name="TestProjectDetails" finished-at="2024-06-13T10:54:23 IST" duration-ms="665" status="PASS">
          <reporter-output>
            <line>
              <![CDATA[Project Details....200]]>
            </line>
          </reporter-output>
        </test-method> <!-- TestProjectDetails -->
        <test-method signature="TestProjectUpdate()[pri:3, instance:api.test.ProjectTest@2bd08376]" started-at="2024-06-13T10:54:23 IST" name="TestProjectUpdate" finished-at="2024-06-13T10:54:24 IST" duration-ms="713" status="PASS">
          <reporter-output>
            <line>
              <![CDATA[Project Updated....200]]>
            </line>
          </reporter-output>
        </test-method> <!-- TestProjectUpdate -->
        <test-method signature="TestProjectDelete()[pri:4, instance:api.test.ProjectTest@2bd08376]" started-at="2024-06-13T10:54:24 IST" name="TestProjectDelete" finished-at="2024-06-13T10:54:25 IST" duration-ms="749" status="PASS">
          <reporter-output>
            <line>
              <![CDATA[Project Delete....200]]>
            </line>
          </reporter-output>
        </test-method> <!-- TestProjectDelete -->
      </class> <!-- api.test.ProjectTest -->
      <class name="api.test.CommunityTest">
        <test-method is-config="true" signature="setupData()[pri:0, instance:api.test.CommunityTest@42b02722]" started-at="2024-06-13T10:54:45 IST" name="setupData" finished-at="2024-06-13T10:54:45 IST" duration-ms="16" status="PASS">
          <reporter-output>
          </reporter-output>
        </test-method> <!-- setupData -->
        <test-method signature="TestCreateCommunity()[pri:1, instance:api.test.CommunityTest@42b02722]" started-at="2024-06-13T10:54:45 IST" name="TestCreateCommunity" finished-at="2024-06-13T10:54:46 IST" duration-ms="956" status="PASS">
          <reporter-output>
            <line>
              <![CDATA[community Created....200]]>
            </line>
          </reporter-output>
        </test-method> <!-- TestCreateCommunity -->
        <test-method signature="TestSearchCommunity()[pri:2, instance:api.test.CommunityTest@42b02722]" started-at="2024-06-13T10:54:46 IST" name="TestSearchCommunity" finished-at="2024-06-13T10:54:47 IST" duration-ms="685" status="PASS">
          <reporter-output>
            <line>
              <![CDATA[community Search....200]]>
            </line>
          </reporter-output>
        </test-method> <!-- TestSearchCommunity -->
        <test-method signature="TestCreateRequest()[pri:3, instance:api.test.CommunityTest@42b02722]" started-at="2024-06-13T10:54:47 IST" name="TestCreateRequest" finished-at="2024-06-13T10:54:47 IST" duration-ms="678" status="PASS">
          <reporter-output>
            <line>
              <![CDATA[Create request....200]]>
            </line>
          </reporter-output>
        </test-method> <!-- TestCreateRequest -->
      </class> <!-- api.test.CommunityTest -->
      <class name="api.test.TeamTest">
        <test-method is-config="true" signature="setupData()[pri:0, instance:api.test.TeamTest@50d13246]" started-at="2024-06-13T10:54:16 IST" name="setupData" finished-at="2024-06-13T10:54:16 IST" duration-ms="34" status="PASS">
          <reporter-output>
          </reporter-output>
        </test-method> <!-- setupData -->
        <test-method signature="TestCreateTeam()[pri:1, instance:api.test.TeamTest@50d13246]" started-at="2024-06-13T10:54:16 IST" name="TestCreateTeam" finished-at="2024-06-13T10:54:17 IST" duration-ms="794" status="PASS">
          <reporter-output>
            <line>
              <![CDATA[Team Created....200]]>
            </line>
          </reporter-output>
        </test-method> <!-- TestCreateTeam -->
        <test-method signature="TestCreateTeam()[pri:1, instance:api.test.TeamTest@50d13246]" started-at="2024-06-13T10:54:17 IST" name="TestCreateTeam" finished-at="2024-06-13T10:54:17 IST" duration-ms="687" status="PASS">
          <reporter-output>
            <line>
              <![CDATA[Team Created....200]]>
            </line>
          </reporter-output>
        </test-method> <!-- TestCreateTeam -->
        <test-method signature="TestTeamDetails()[pri:2, instance:api.test.TeamTest@50d13246]" started-at="2024-06-13T10:54:18 IST" name="TestTeamDetails" finished-at="2024-06-13T10:54:18 IST" duration-ms="685" status="PASS">
          <reporter-output>
            <line>
              <![CDATA[Team Details....200]]>
            </line>
          </reporter-output>
        </test-method> <!-- TestTeamDetails -->
        <test-method signature="TestTeamUpdate()[pri:3, instance:api.test.TeamTest@50d13246]" started-at="2024-06-13T10:54:18 IST" name="TestTeamUpdate" finished-at="2024-06-13T10:54:19 IST" duration-ms="664" status="PASS">
          <reporter-output>
            <line>
              <![CDATA[Team Update....200]]>
            </line>
          </reporter-output>
        </test-method> <!-- TestTeamUpdate -->
        <test-method signature="TestTeamEmployees()[pri:4, instance:api.test.TeamTest@50d13246]" started-at="2024-06-13T10:54:19 IST" name="TestTeamEmployees" finished-at="2024-06-13T10:54:20 IST" duration-ms="732" status="PASS">
          <reporter-output>
            <line>
              <![CDATA[Team Employees....200]]>
            </line>
          </reporter-output>
        </test-method> <!-- TestTeamEmployees -->
        <test-method signature="TestDeleteTeamMember()[pri:5, instance:api.test.TeamTest@50d13246]" started-at="2024-06-13T10:54:20 IST" name="TestDeleteTeamMember" finished-at="2024-06-13T10:54:20 IST" duration-ms="614" status="PASS">
          <reporter-output>
            <line>
              <![CDATA[Delete Team Member....200]]>
            </line>
          </reporter-output>
        </test-method> <!-- TestDeleteTeamMember -->
        <test-method signature="TestTeamDelete()[pri:6, instance:api.test.TeamTest@50d13246]" started-at="2024-06-13T10:54:20 IST" name="TestTeamDelete" finished-at="2024-06-13T10:54:21 IST" duration-ms="681" status="PASS">
          <reporter-output>
            <line>
              <![CDATA[Team Deleted....200]]>
            </line>
          </reporter-output>
        </test-method> <!-- TestTeamDelete -->
      </class> <!-- api.test.TeamTest -->
      <class name="api.test.PhraseTest">
        <test-method is-config="true" signature="setupData()[pri:0, instance:api.test.PhraseTest@3d3e5463]" started-at="2024-06-13T10:54:30 IST" name="setupData" finished-at="2024-06-13T10:54:30 IST" duration-ms="25" status="PASS">
          <reporter-output>
          </reporter-output>
        </test-method> <!-- setupData -->
        <test-method signature="testAddPhrase()[pri:1, instance:api.test.PhraseTest@3d3e5463]" started-at="2024-06-13T10:54:30 IST" name="testAddPhrase" finished-at="2024-06-13T10:54:30 IST" duration-ms="662" status="PASS">
          <reporter-output>
            <line>
              <![CDATA[Add Phrase....200]]>
            </line>
          </reporter-output>
        </test-method> <!-- testAddPhrase -->
        <test-method signature="testUpdatePhrase()[pri:2, instance:api.test.PhraseTest@3d3e5463]" started-at="2024-06-13T10:54:30 IST" name="testUpdatePhrase" finished-at="2024-06-13T10:54:31 IST" duration-ms="579" status="PASS">
          <reporter-output>
            <line>
              <![CDATA[Update Phrase....200]]>
            </line>
          </reporter-output>
        </test-method> <!-- testUpdatePhrase -->
        <test-method signature="testDeletePhrase()[pri:3, instance:api.test.PhraseTest@3d3e5463]" started-at="2024-06-13T10:54:31 IST" name="testDeletePhrase" finished-at="2024-06-13T10:54:32 IST" duration-ms="566" status="PASS">
          <reporter-output>
            <line>
              <![CDATA[Delete Phrase....200]]>
            </line>
          </reporter-output>
        </test-method> <!-- testDeletePhrase -->
        <test-method signature="testGetPhrase()[pri:4, instance:api.test.PhraseTest@3d3e5463]" started-at="2024-06-13T10:54:32 IST" name="testGetPhrase" finished-at="2024-06-13T10:54:33 IST" duration-ms="1525" status="PASS">
          <reporter-output>
            <line>
              <![CDATA[Get Phrase....200]]>
            </line>
          </reporter-output>
        </test-method> <!-- testGetPhrase -->
      </class> <!-- api.test.PhraseTest -->
      <class name="api.test.EmployeeTest">
        <test-method is-config="true" signature="setupData()[pri:0, instance:api.test.EmployeeTest@7331196b]" started-at="2024-06-13T10:54:10 IST" name="setupData" finished-at="2024-06-13T10:54:10 IST" duration-ms="166" status="PASS">
          <reporter-output>
          </reporter-output>
        </test-method> <!-- setupData -->
        <test-method signature="testAddEmployee()[pri:1, instance:api.test.EmployeeTest@7331196b]" started-at="2024-06-13T10:54:10 IST" name="testAddEmployee" finished-at="2024-06-13T10:54:12 IST" duration-ms="1595" status="PASS">
          <reporter-output>
            <line>
              <![CDATA[Added Employee....200]]>
            </line>
          </reporter-output>
        </test-method> <!-- testAddEmployee -->
        <test-method signature="testAddEmployee()[pri:1, instance:api.test.EmployeeTest@7331196b]" started-at="2024-06-13T10:54:12 IST" name="testAddEmployee" finished-at="2024-06-13T10:54:13 IST" duration-ms="1502" status="PASS">
          <reporter-output>
            <line>
              <![CDATA[Added Employee....200]]>
            </line>
          </reporter-output>
        </test-method> <!-- testAddEmployee -->
        <test-method signature="testEmployeeDetails()[pri:2, instance:api.test.EmployeeTest@7331196b]" started-at="2024-06-13T10:54:13 IST" name="testEmployeeDetails" finished-at="2024-06-13T10:54:14 IST" duration-ms="595" status="PASS">
          <reporter-output>
            <line>
              <![CDATA[Employee Details....200]]>
            </line>
          </reporter-output>
        </test-method> <!-- testEmployeeDetails -->
        <test-method signature="TestUpdateEmployee()[pri:3, instance:api.test.EmployeeTest@7331196b]" started-at="2024-06-13T10:54:14 IST" name="TestUpdateEmployee" finished-at="2024-06-13T10:54:15 IST" duration-ms="735" status="PASS">
          <reporter-output>
            <line>
              <![CDATA[Update Employee....200]]>
            </line>
          </reporter-output>
        </test-method> <!-- TestUpdateEmployee -->
        <test-method signature="TestDeleteEmployee()[pri:4, instance:api.test.EmployeeTest@7331196b]" started-at="2024-06-13T10:54:15 IST" name="TestDeleteEmployee" finished-at="2024-06-13T10:54:15 IST" duration-ms="649" status="PASS">
          <reporter-output>
            <line>
              <![CDATA[Delete Employee....200]]>
            </line>
          </reporter-output>
        </test-method> <!-- TestDeleteEmployee -->
        <test-method signature="TestSearchEmployee()[pri:5, instance:api.test.EmployeeTest@7331196b]" started-at="2024-06-13T10:54:15 IST" name="TestSearchEmployee" finished-at="2024-06-13T10:54:16 IST" duration-ms="671" status="PASS">
          <reporter-output>
            <line>
              <![CDATA[Search Employee....200]]>
            </line>
          </reporter-output>
        </test-method> <!-- TestSearchEmployee -->
      </class> <!-- api.test.EmployeeTest -->
      <class name="api.test.SearchTest">
        <test-method is-config="true" signature="setupData()[pri:0, instance:api.test.SearchTest@4b40f651]" started-at="2024-06-13T10:54:42 IST" name="setupData" finished-at="2024-06-13T10:54:42 IST" duration-ms="18" status="PASS">
          <reporter-output>
          </reporter-output>
        </test-method> <!-- setupData -->
        <test-method signature="testSearchExcelData()[pri:1, instance:api.test.SearchTest@4b40f651]" started-at="2024-06-13T10:54:42 IST" name="testSearchExcelData" finished-at="2024-06-13T10:54:42 IST" duration-ms="694" status="PASS">
          <reporter-output>
            <line>
              <![CDATA[Search excel data....200]]>
            </line>
          </reporter-output>
        </test-method> <!-- testSearchExcelData -->
        <test-method signature="testSearchPdfData()[pri:2, instance:api.test.SearchTest@4b40f651]" started-at="2024-06-13T10:54:42 IST" name="testSearchPdfData" finished-at="2024-06-13T10:54:43 IST" duration-ms="670" status="PASS">
          <reporter-output>
            <line>
              <![CDATA[Search pdf data....200]]>
            </line>
          </reporter-output>
        </test-method> <!-- testSearchPdfData -->
        <test-method signature="testDashboardCount()[pri:3, instance:api.test.SearchTest@4b40f651]" started-at="2024-06-13T10:54:43 IST" name="testDashboardCount" finished-at="2024-06-13T10:54:44 IST" duration-ms="678" status="SKIP">
          <exception class="org.testng.SkipException">
            <message>
              <![CDATA[Skip dashboard]]>
            </message>
            <full-stacktrace>
              <![CDATA[org.testng.SkipException: Skip dashboard
at api.test.SearchTest.testDashboardCount(SearchTest.java:95)
at java.base/jdk.internal.reflect.NativeMethodAccessorImpl.invoke0(Native Method)
at java.base/jdk.internal.reflect.NativeMethodAccessorImpl.invoke(NativeMethodAccessorImpl.java:77)
at java.base/jdk.internal.reflect.DelegatingMethodAccessorImpl.invoke(DelegatingMethodAccessorImpl.java:43)
at java.base/java.lang.reflect.Method.invoke(Method.java:568)
at org.testng.internal.MethodInvocationHelper.invokeMethod(MethodInvocationHelper.java:133)
at org.testng.internal.TestInvoker.invokeMethod(TestInvoker.java:598)
at org.testng.internal.TestInvoker.invokeTestMethod(TestInvoker.java:173)
at org.testng.internal.MethodRunner.runInSequence(MethodRunner.java:46)
at org.testng.internal.TestInvoker$MethodInvocationAgent.invoke(TestInvoker.java:824)
at org.testng.internal.TestInvoker.invokeTestMethods(TestInvoker.java:146)
at org.testng.internal.TestMethodWorker.invokeTestMethods(TestMethodWorker.java:146)
at org.testng.internal.TestMethodWorker.run(TestMethodWorker.java:128)
at java.base/java.util.ArrayList.forEach(ArrayList.java:1511)
at org.testng.TestRunner.privateRun(TestRunner.java:794)
at org.testng.TestRunner.run(TestRunner.java:596)
at org.testng.SuiteRunner.runTest(SuiteRunner.java:377)
at org.testng.SuiteRunner.runSequentially(SuiteRunner.java:371)
at org.testng.SuiteRunner.privateRun(SuiteRunner.java:332)
at org.testng.SuiteRunner.run(SuiteRunner.java:276)
at org.testng.SuiteRunnerWorker.runSuite(SuiteRunnerWorker.java:53)
at org.testng.SuiteRunnerWorker.run(SuiteRunnerWorker.java:96)
at org.testng.TestNG.runSuitesSequentially(TestNG.java:1212)
at org.testng.TestNG.runSuitesLocally(TestNG.java:1134)
at org.testng.TestNG.runSuites(TestNG.java:1063)
at org.testng.TestNG.run(TestNG.java:1031)
at org.testng.remote.AbstractRemoteTestNG.run(AbstractRemoteTestNG.java:115)
at org.testng.remote.RemoteTestNG.initAndRun(RemoteTestNG.java:293)
at org.testng.remote.RemoteTestNG.main(RemoteTestNG.java:91)
]]>
            </full-stacktrace>
          </exception> <!-- org.testng.SkipException -->
          <reporter-output>
            <line>
              <![CDATA[Dashboard count....200]]>
            </line>
          </reporter-output>
        </test-method> <!-- testDashboardCount -->
        <test-method signature="testExcelHistory()[pri:4, instance:api.test.SearchTest@4b40f651]" started-at="2024-06-13T10:54:44 IST" name="testExcelHistory" finished-at="2024-06-13T10:54:44 IST" duration-ms="648" status="PASS">
          <reporter-output>
            <line>
              <![CDATA[Excel search history....200]]>
            </line>
          </reporter-output>
        </test-method> <!-- testExcelHistory -->
        <test-method signature="testpdfHistory()[pri:5, instance:api.test.SearchTest@4b40f651]" started-at="2024-06-13T10:54:44 IST" name="testpdfHistory" finished-at="2024-06-13T10:54:45 IST" duration-ms="719" status="PASS">
          <reporter-output>
            <line>
              <![CDATA[pdf search history....200]]>
            </line>
          </reporter-output>
        </test-method> <!-- testpdfHistory -->
      </class> <!-- api.test.SearchTest -->
      <class name="api.test.UploadFileTest">
        <test-method is-config="true" signature="setupData()[pri:0, instance:api.test.UploadFileTest@e70f13a]" started-at="2024-06-13T10:54:25 IST" name="setupData" finished-at="2024-06-13T10:54:25 IST" duration-ms="67" status="PASS">
          <reporter-output>
          </reporter-output>
        </test-method> <!-- setupData -->
        <test-method signature="testUploadfile()[pri:1, instance:api.test.UploadFileTest@e70f13a]" started-at="2024-06-13T10:54:25 IST" name="testUploadfile" finished-at="2024-06-13T10:54:25 IST" duration-ms="700" status="PASS">
          <reporter-output>
            <line>
              <![CDATA[upload file....201]]>
            </line>
          </reporter-output>
        </test-method> <!-- testUploadfile -->
        <test-method signature="testUploadErrorfile()[pri:2, instance:api.test.UploadFileTest@e70f13a]" started-at="2024-06-13T10:54:25 IST" name="testUploadErrorfile" finished-at="2024-06-13T10:54:26 IST" duration-ms="657" status="PASS">
          <reporter-output>
            <line>
              <![CDATA[upload error file....201]]>
            </line>
          </reporter-output>
        </test-method> <!-- testUploadErrorfile -->
        <test-method signature="Getfiles()[pri:3, instance:api.test.UploadFileTest@e70f13a]" started-at="2024-06-13T10:54:26 IST" name="Getfiles" finished-at="2024-06-13T10:54:27 IST" duration-ms="607" status="PASS">
          <reporter-output>
            <line>
              <![CDATA[Get files....200]]>
            </line>
          </reporter-output>
        </test-method> <!-- Getfiles -->
        <test-method signature="Updatefile()[pri:4, instance:api.test.UploadFileTest@e70f13a]" started-at="2024-06-13T10:54:27 IST" name="Updatefile" finished-at="2024-06-13T10:54:27 IST" duration-ms="616" status="PASS">
          <reporter-output>
            <line>
              <![CDATA[update file....200]]>
            </line>
          </reporter-output>
        </test-method> <!-- Updatefile -->
        <test-method signature="TestDownloadExcelfile()[pri:5, instance:api.test.UploadFileTest@e70f13a]" started-at="2024-06-13T10:54:27 IST" name="TestDownloadExcelfile" finished-at="2024-06-13T10:54:28 IST" duration-ms="618" status="SKIP">
          <exception class="org.testng.SkipException">
            <message>
              <![CDATA[Skip excel Download]]>
            </message>
            <full-stacktrace>
              <![CDATA[org.testng.SkipException: Skip excel Download
at api.test.UploadFileTest.TestDownloadExcelfile(UploadFileTest.java:190)
at java.base/jdk.internal.reflect.NativeMethodAccessorImpl.invoke0(Native Method)
at java.base/jdk.internal.reflect.NativeMethodAccessorImpl.invoke(NativeMethodAccessorImpl.java:77)
at java.base/jdk.internal.reflect.DelegatingMethodAccessorImpl.invoke(DelegatingMethodAccessorImpl.java:43)
at java.base/java.lang.reflect.Method.invoke(Method.java:568)
at org.testng.internal.MethodInvocationHelper.invokeMethod(MethodInvocationHelper.java:133)
at org.testng.internal.TestInvoker.invokeMethod(TestInvoker.java:598)
at org.testng.internal.TestInvoker.invokeTestMethod(TestInvoker.java:173)
at org.testng.internal.MethodRunner.runInSequence(MethodRunner.java:46)
at org.testng.internal.TestInvoker$MethodInvocationAgent.invoke(TestInvoker.java:824)
at org.testng.internal.TestInvoker.invokeTestMethods(TestInvoker.java:146)
at org.testng.internal.TestMethodWorker.invokeTestMethods(TestMethodWorker.java:146)
at org.testng.internal.TestMethodWorker.run(TestMethodWorker.java:128)
at java.base/java.util.ArrayList.forEach(ArrayList.java:1511)
at org.testng.TestRunner.privateRun(TestRunner.java:794)
at org.testng.TestRunner.run(TestRunner.java:596)
at org.testng.SuiteRunner.runTest(SuiteRunner.java:377)
at org.testng.SuiteRunner.runSequentially(SuiteRunner.java:371)
at org.testng.SuiteRunner.privateRun(SuiteRunner.java:332)
at org.testng.SuiteRunner.run(SuiteRunner.java:276)
at org.testng.SuiteRunnerWorker.runSuite(SuiteRunnerWorker.java:53)
at org.testng.SuiteRunnerWorker.run(SuiteRunnerWorker.java:96)
at org.testng.TestNG.runSuitesSequentially(TestNG.java:1212)
at org.testng.TestNG.runSuitesLocally(TestNG.java:1134)
at org.testng.TestNG.runSuites(TestNG.java:1063)
at org.testng.TestNG.run(TestNG.java:1031)
at org.testng.remote.AbstractRemoteTestNG.run(AbstractRemoteTestNG.java:115)
at org.testng.remote.RemoteTestNG.initAndRun(RemoteTestNG.java:293)
at org.testng.remote.RemoteTestNG.main(RemoteTestNG.java:91)
]]>
            </full-stacktrace>
          </exception> <!-- org.testng.SkipException -->
          <reporter-output>
            <line>
              <![CDATA[excel File downloaded....200]]>
            </line>
          </reporter-output>
        </test-method> <!-- TestDownloadExcelfile -->
        <test-method signature="testErrorfilefix()[pri:6, instance:api.test.UploadFileTest@e70f13a]" started-at="2024-06-13T10:54:28 IST" name="testErrorfilefix" finished-at="2024-06-13T10:54:29 IST" duration-ms="647" status="PASS">
          <reporter-output>
            <line>
              <![CDATA[Error File fixed....200]]>
            </line>
          </reporter-output>
        </test-method> <!-- testErrorfilefix -->
        <test-method signature="Deletefile()[pri:7, instance:api.test.UploadFileTest@e70f13a]" started-at="2024-06-13T10:54:29 IST" name="Deletefile" finished-at="2024-06-13T10:54:29 IST" duration-ms="568" status="PASS">
          <reporter-output>
            <line>
              <![CDATA[Delete excel files....200]]>
            </line>
          </reporter-output>
        </test-method> <!-- Deletefile -->
        <test-method signature="GetFileByFileId()[pri:8, instance:api.test.UploadFileTest@e70f13a]" started-at="2024-06-13T10:54:29 IST" name="GetFileByFileId" finished-at="2024-06-13T10:54:30 IST" duration-ms="656" status="PASS">
          <reporter-output>
            <line>
              <![CDATA[GetFileByFileId....200]]>
            </line>
          </reporter-output>
        </test-method> <!-- GetFileByFileId -->
      </class> <!-- api.test.UploadFileTest -->
      <class name="api.test.PdfTest">
        <test-method is-config="true" signature="setupData()[pri:0, instance:api.test.PdfTest@64a40280]" started-at="2024-06-13T10:54:33 IST" name="setupData" finished-at="2024-06-13T10:54:33 IST" duration-ms="15" status="PASS">
          <reporter-output>
          </reporter-output>
        </test-method> <!-- setupData -->
        <test-method signature="testUploadpdf()[pri:1, instance:api.test.PdfTest@64a40280]" started-at="2024-06-13T10:54:33 IST" name="testUploadpdf" finished-at="2024-06-13T10:54:34 IST" duration-ms="1226" status="PASS">
          <reporter-output>
            <line>
              <![CDATA[Upload pdf....201]]>
            </line>
          </reporter-output>
        </test-method> <!-- testUploadpdf -->
        <test-method signature="testUploadpdf()[pri:1, instance:api.test.PdfTest@64a40280]" started-at="2024-06-13T10:54:34 IST" name="testUploadpdf" finished-at="2024-06-13T10:54:36 IST" duration-ms="1171" status="PASS">
          <reporter-output>
            <line>
              <![CDATA[Upload pdf....201]]>
            </line>
          </reporter-output>
        </test-method> <!-- testUploadpdf -->
        <test-method signature="Getfiles()[pri:2, instance:api.test.PdfTest@64a40280]" started-at="2024-06-13T10:54:36 IST" name="Getfiles" finished-at="2024-06-13T10:54:36 IST" duration-ms="593" status="PASS">
          <reporter-output>
            <line>
              <![CDATA[Get Files....200]]>
            </line>
          </reporter-output>
        </test-method> <!-- Getfiles -->
        <test-method signature="DeletePdf()[pri:3, instance:api.test.PdfTest@64a40280]" started-at="2024-06-13T10:54:36 IST" name="DeletePdf" finished-at="2024-06-13T10:54:37 IST" duration-ms="567" status="PASS">
          <reporter-output>
            <line>
              <![CDATA[Delete Pdf....200]]>
            </line>
          </reporter-output>
        </test-method> <!-- DeletePdf -->
        <test-method signature="TestDownloadPdffile()[pri:4, instance:api.test.PdfTest@64a40280]" started-at="2024-06-13T10:54:37 IST" name="TestDownloadPdffile" finished-at="2024-06-13T10:54:42 IST" duration-ms="4726" status="SKIP">
          <exception class="org.testng.SkipException">
            <message>
              <![CDATA[Skip Pdf Download]]>
            </message>
            <full-stacktrace>
              <![CDATA[org.testng.SkipException: Skip Pdf Download
at api.test.PdfTest.TestDownloadPdffile(PdfTest.java:124)
at java.base/jdk.internal.reflect.NativeMethodAccessorImpl.invoke0(Native Method)
at java.base/jdk.internal.reflect.NativeMethodAccessorImpl.invoke(NativeMethodAccessorImpl.java:77)
at java.base/jdk.internal.reflect.DelegatingMethodAccessorImpl.invoke(DelegatingMethodAccessorImpl.java:43)
at java.base/java.lang.reflect.Method.invoke(Method.java:568)
at org.testng.internal.MethodInvocationHelper.invokeMethod(MethodInvocationHelper.java:133)
at org.testng.internal.TestInvoker.invokeMethod(TestInvoker.java:598)
at org.testng.internal.TestInvoker.invokeTestMethod(TestInvoker.java:173)
at org.testng.internal.MethodRunner.runInSequence(MethodRunner.java:46)
at org.testng.internal.TestInvoker$MethodInvocationAgent.invoke(TestInvoker.java:824)
at org.testng.internal.TestInvoker.invokeTestMethods(TestInvoker.java:146)
at org.testng.internal.TestMethodWorker.invokeTestMethods(TestMethodWorker.java:146)
at org.testng.internal.TestMethodWorker.run(TestMethodWorker.java:128)
at java.base/java.util.ArrayList.forEach(ArrayList.java:1511)
at org.testng.TestRunner.privateRun(TestRunner.java:794)
at org.testng.TestRunner.run(TestRunner.java:596)
at org.testng.SuiteRunner.runTest(SuiteRunner.java:377)
at org.testng.SuiteRunner.runSequentially(SuiteRunner.java:371)
at org.testng.SuiteRunner.privateRun(SuiteRunner.java:332)
at org.testng.SuiteRunner.run(SuiteRunner.java:276)
at org.testng.SuiteRunnerWorker.runSuite(SuiteRunnerWorker.java:53)
at org.testng.SuiteRunnerWorker.run(SuiteRunnerWorker.java:96)
at org.testng.TestNG.runSuitesSequentially(TestNG.java:1212)
at org.testng.TestNG.runSuitesLocally(TestNG.java:1134)
at org.testng.TestNG.runSuites(TestNG.java:1063)
at org.testng.TestNG.run(TestNG.java:1031)
at org.testng.remote.AbstractRemoteTestNG.run(AbstractRemoteTestNG.java:115)
at org.testng.remote.RemoteTestNG.initAndRun(RemoteTestNG.java:293)
at org.testng.remote.RemoteTestNG.main(RemoteTestNG.java:91)
]]>
            </full-stacktrace>
          </exception> <!-- org.testng.SkipException -->
          <reporter-output>
          </reporter-output>
        </test-method> <!-- TestDownloadPdffile -->
      </class> <!-- api.test.PdfTest -->
    </test> <!-- Test -->
    <test started-at="2024-06-13T10:54:47 IST" name="Adminportal" finished-at="2024-06-13T10:54:55 IST" duration-ms="7094">
      <class name="api.test.AdminCompanyTest">
        <test-method is-config="true" signature="setupData()[pri:0, instance:api.test.AdminCompanyTest@6ed3f258]" started-at="2024-06-13T10:54:50 IST" name="setupData" finished-at="2024-06-13T10:54:50 IST" duration-ms="134" status="PASS">
          <reporter-output>
          </reporter-output>
        </test-method> <!-- setupData -->
        <test-method signature="AdminCreateCompany()[pri:1, instance:api.test.AdminCompanyTest@6ed3f258]" started-at="2024-06-13T10:54:50 IST" name="AdminCreateCompany" finished-at="2024-06-13T10:54:51 IST" duration-ms="817" status="PASS">
          <reporter-output>
            <line>
              <![CDATA[Admin Create Company....200]]>
            </line>
          </reporter-output>
        </test-method> <!-- AdminCreateCompany -->
        <test-method signature="AdminSearchCompany()[pri:2, instance:api.test.AdminCompanyTest@6ed3f258]" started-at="2024-06-13T10:54:51 IST" name="AdminSearchCompany" finished-at="2024-06-13T10:54:53 IST" duration-ms="1632" status="PASS">
          <reporter-output>
            <line>
              <![CDATA[Admin Search Company....200]]>
            </line>
          </reporter-output>
        </test-method> <!-- AdminSearchCompany -->
        <test-method signature="AdminUpdateCompany()[pri:3, instance:api.test.AdminCompanyTest@6ed3f258]" started-at="2024-06-13T10:54:53 IST" name="AdminUpdateCompany" finished-at="2024-06-13T10:54:53 IST" duration-ms="599" status="PASS">
          <reporter-output>
            <line>
              <![CDATA[Admin Update Company....200]]>
            </line>
          </reporter-output>
        </test-method> <!-- AdminUpdateCompany -->
        <test-method signature="AdminDisableCompany()[pri:4, instance:api.test.AdminCompanyTest@6ed3f258]" started-at="2024-06-13T10:54:53 IST" name="AdminDisableCompany" finished-at="2024-06-13T10:54:54 IST" duration-ms="580" status="PASS">
          <reporter-output>
            <line>
              <![CDATA[Admin Disable Company....200]]>
            </line>
          </reporter-output>
        </test-method> <!-- AdminDisableCompany -->
      </class> <!-- api.test.AdminCompanyTest -->
      <class name="api.test.AdminTest">
        <test-method is-config="true" signature="setupData()[pri:0, instance:api.test.AdminTest@2631f68c]" started-at="2024-06-13T10:54:47 IST" name="setupData" finished-at="2024-06-13T10:54:47 IST" duration-ms="21" status="PASS">
          <reporter-output>
          </reporter-output>
        </test-method> <!-- setupData -->
        <test-method signature="TestAdminLogin()[pri:1, instance:api.test.AdminTest@2631f68c]" started-at="2024-06-13T10:54:47 IST" name="TestAdminLogin" finished-at="2024-06-13T10:54:48 IST" duration-ms="741" status="PASS">
          <reporter-output>
            <line>
              <![CDATA[AdminLogin successfull....200]]>
            </line>
          </reporter-output>
        </test-method> <!-- TestAdminLogin -->
        <test-method signature="TestAdminDashboard()[pri:2, instance:api.test.AdminTest@2631f68c]" started-at="2024-06-13T10:54:48 IST" name="TestAdminDashboard" finished-at="2024-06-13T10:54:49 IST" duration-ms="633" status="PASS">
          <reporter-output>
            <line>
              <![CDATA[Admin Dashboard Count ....200]]>
            </line>
          </reporter-output>
        </test-method> <!-- TestAdminDashboard -->
        <test-method signature="TestAboutToExpirecompanies()[pri:3, instance:api.test.AdminTest@2631f68c]" started-at="2024-06-13T10:54:49 IST" name="TestAboutToExpirecompanies" finished-at="2024-06-13T10:54:49 IST" duration-ms="645" status="PASS">
          <reporter-output>
            <line>
              <![CDATA[list of About to expire companies....200]]>
            </line>
          </reporter-output>
        </test-method> <!-- TestAboutToExpirecompanies -->
        <test-method signature="TestExpiredcompanies()[pri:4, instance:api.test.AdminTest@2631f68c]" started-at="2024-06-13T10:54:49 IST" name="TestExpiredcompanies" finished-at="2024-06-13T10:54:50 IST" duration-ms="639" status="PASS">
          <reporter-output>
            <line>
              <![CDATA[list of expired companies....200]]>
            </line>
          </reporter-output>
        </test-method> <!-- TestExpiredcompanies -->
      </class> <!-- api.test.AdminTest -->
      <class name="api.test.DroneDpTest">
        <test-method is-config="true" signature="setupData()[pri:0, instance:api.test.DroneDpTest@8ad6665]" started-at="2024-06-13T10:54:54 IST" name="setupData" finished-at="2024-06-13T10:54:54 IST" duration-ms="26" status="PASS">
          <reporter-output>
          </reporter-output>
        </test-method> <!-- setupData -->
        <test-method signature="ViewRequest()[pri:1, instance:api.test.DroneDpTest@8ad6665]" started-at="2024-06-13T10:54:54 IST" name="ViewRequest" finished-at="2024-06-13T10:54:55 IST" duration-ms="591" status="PASS">
          <reporter-output>
            <line>
              <![CDATA[View request....200]]>
            </line>
          </reporter-output>
        </test-method> <!-- ViewRequest -->
      </class> <!-- api.test.DroneDpTest -->
    </test> <!-- Adminportal -->
  </suite> <!-- Suite -->
</testng-results>
